Added Component: Designator=U1(MP8757)
Add Pin To Net: Unknown Pin: Pin TP1-1
Add Pin To Net: Unknown Pin: Pin TP2-1
Add Pin To Net: Unknown Pin: Pin TP3-1
Add Pin To Net: Unknown Pin: Pin TP4-1
Added Pin To Net: NetName=NetR1_1 Pin=U1-1
Added Pin To Net: NetName=NetC1_2 Pin=U1-2
Added Pin To Net: NetName=NetC1_2 Pin=U1-3
Added Pin To Net: NetName=VCC5V Pin=U1-5
Added Pin To Net: NetName=VCC5V Pin=U1-6
Added Pin To Net: NetName=GND Pin=U1-8
Added Pin To Net: NetName=PGND Pin=U1-10
Added Pin To Net: NetName=PGND Pin=U1-11
Added Pin To Net: NetName=VCC12V Pin=U1-12
Added Pin To Net: NetName=NetR6_2 Pin=U1-13
Added Pin To Net: NetName=NetR4_2 Pin=U1-14
Added Pin To Net: NetName=GND Pin=U1-15
Added Pin To Net: NetName=NetC11_2 Pin=U1-16
Added Pin To Net: NetName=NetR3_2 Pin=U1-17
Added Pin To Net: NetName=VCC12V Pin=U1-19
Added Pin To Net: NetName=PGND Pin=U1-20
Added Pin To Net: NetName=PGND Pin=U1-21
Add Differential Pair: Number of nets in differential pair cap_RX2 is 1 instead of 2
Added Member To Class: ClassName=pwr Member=Component U1 MP8757
