Add Pin To Net: Unknown Pin: Pin TP1-1
Add Pin To Net: Unknown Pin: Pin TP2-1
Add Pin To Net: Unknown Pin: Pin TP3-1
Add Pin To Net: Unknown Pin: Pin TP4-1
Added Pin To Net: NetName=GND Pin=U11-3
Added Pin To Net: NetName=IN_SSTX2_P Pin=U11-6
Added Pin To Net: NetName=IN_SSTX2_N Pin=U11-7
Added Pin To Net: NetName=GND Pin=U11-8
Added Pin To Net: NetName=IN_SSRX2_N Pin=U11-9
Added Pin To Net: NetName=IN_SSRX2_P Pin=U11-10
Added Pin To Net: NetName=GND Pin=U12-3
Added Pin To Net: NetName=IN_SSTX1_P Pin=U12-6
Added Pin To Net: NetName=IN_SSTX1_N Pin=U12-7
Added Pin To Net: NetName=GND Pin=U12-8
Added Pin To Net: NetName=IN_SSRX1_P Pin=U12-9
Added Pin To Net: NetName=IN_SSRX1_N Pin=U12-10
Added Pin To Net: NetName=cap_IN_SSRX1_N Pin=U9-7
Added Pin To Net: NetName=cap_IN_SSRX1_N Pin=U12-5
Added Net: Name=cap_IN_SSRX1_N
Added Pin To Net: NetName=cap_IN_SSRX1_P Pin=U9-6
Added Pin To Net: NetName=cap_IN_SSRX1_P Pin=U12-4
Added Net: Name=cap_IN_SSRX1_P
Added Pin To Net: NetName=cap_IN_SSRX2_N Pin=U9-8
Added Pin To Net: NetName=cap_IN_SSRX2_N Pin=U11-4
Added Net: Name=cap_IN_SSRX2_N
Added Pin To Net: NetName=cap_IN_SSRX2_P Pin=U9-9
Added Pin To Net: NetName=cap_IN_SSRX2_P Pin=U11-5
Added Net: Name=cap_IN_SSRX2_P
Added Pin To Net: NetName=cap_IN_SSTX1_N Pin=U9-3
Added Pin To Net: NetName=cap_IN_SSTX1_N Pin=U12-2
Added Net: Name=cap_IN_SSTX1_N
Added Pin To Net: NetName=cap_IN_SSTX1_P Pin=U9-2
Added Pin To Net: NetName=cap_IN_SSTX1_P Pin=U12-1
Added Net: Name=cap_IN_SSTX1_P
Added Pin To Net: NetName=cap_IN_SSTX2_N Pin=U9-4
Added Pin To Net: NetName=cap_IN_SSTX2_N Pin=U11-2
Added Net: Name=cap_IN_SSTX2_N
Added Pin To Net: NetName=cap_IN_SSTX2_P Pin=U9-5
Added Pin To Net: NetName=cap_IN_SSTX2_P Pin=U11-1
Added Net: Name=cap_IN_SSTX2_P
Added Differential Pair: Name=cap_IN_SSRX1
Added Differential Pair: Name=cap_IN_SSRX2
Added Differential Pair: Name=cap_IN_SSTX1
Added Differential Pair: Name=cap_IN_SSTX2
Added Member To Class: ClassName=USB Member=Wire cap_IN_SSRX1_N
Added Member To Class: ClassName=USB Member=Wire cap_IN_SSRX1_P
Added Member To Class: ClassName=USB Member=Wire cap_IN_SSRX2_N
Added Member To Class: ClassName=USB Member=Wire cap_IN_SSRX2_P
Added Member To Class: ClassName=USB Member=Wire cap_IN_SSTX1_N
Added Member To Class: ClassName=USB Member=Wire cap_IN_SSTX1_P
Added Member To Class: ClassName=USB Member=Wire cap_IN_SSTX2_N
Added Member To Class: ClassName=USB Member=Wire cap_IN_SSTX2_P
