Removed Pin From Net: NetName=GPIO0-B Pin=JP3-1
Removed Pin From Net: NetName=GPIO3-B Pin=JP3-2
Removed Pin From Net: NetName=GPIO2-B Pin=JP3-3
Removed Pin From Net: NetName=GPIO1-B Pin=JP3-4
Removed Pin From Net: NetName=GND Pin=JP3-5
Removed Pin From Net: NetName=VCC3V3-B Pin=JP3-6
Removed Pin From Net: NetName=GPIO0-A Pin=JP4-1
Removed Pin From Net: NetName=GPIO3-A Pin=JP4-2
Removed Pin From Net: NetName=GPIO2-A Pin=JP4-3
Removed Pin From Net: NetName=GPIO1-A Pin=JP4-4
Removed Pin From Net: NetName=GND Pin=JP4-5
Removed Pin From Net: NetName=VCC3V3-A Pin=JP4-6
Removed Pin From Net: NetName=GPIO0-C Pin=JP5-1
Removed Pin From Net: NetName=GPIO3-C Pin=JP5-2
Removed Pin From Net: NetName=GPIO2-C Pin=JP5-3
Removed Pin From Net: NetName=GPIO1-C Pin=JP5-4
Removed Pin From Net: NetName=GND Pin=JP5-5
Removed Pin From Net: NetName=VCC3V3-C Pin=JP5-6
Removed Member From Class: ClassName=jmb575 Member=JP3
Removed Member From Class: ClassName=jmb575 Member=JP4
Removed Member From Class: ClassName=jmb575 Member=JP5
Add Pin To Net: Unknown Pin: Pin TP1-1
Add Pin To Net: Unknown Pin: Pin TP2-1
Add Pin To Net: Unknown Pin: Pin TP3-1
Add Pin To Net: Unknown Pin: Pin TP4-1
