Removed Pin From Net: NetName=GND Pin=J1-SH1
Added Component: Designator=R8(R0402_L)
Add component (AddParameter): Name = "BOM名称"; Value = "贴片电阻"; VariantName = "[No Variations]"
Add component (AddParameter): Name = "学习资源"; Value = "www.ooocke.com"; VariantName = "[No Variations]"
Add component (AddParameter): Name = "版权归属"; Value = "源创客"; VariantName = "[No Variations]"
Added Component: Designator=U13(SOP8_L)
Added Pin To Net: NetName=VCC3V3 Pin=R8-2
Add Pin To Net: Unknown Pin: Pin TP1-1
Add Pin To Net: Unknown Pin: Pin TP2-1
Add Pin To Net: Unknown Pin: Pin TP3-1
Add Pin To Net: Unknown Pin: Pin TP4-1
Added Pin To Net: NetName=GND Pin=U13-4
Added Pin To Net: NetName=VCC3V3 Pin=U13-7
Added Pin To Net: NetName=VCC3V3 Pin=U13-8
Added Pin To Net: NetName=NetR8_1 Pin=R8-1
Added Pin To Net: NetName=NetR8_1 Pin=U13-3
Added Net: Name=NetR8_1
Added Pin To Net: NetName=SPICLK Pin=U10-70
Added Pin To Net: NetName=SPICLK Pin=U13-6
Added Net: Name=SPICLK
Added Pin To Net: NetName=SPICS Pin=U10-72
Added Pin To Net: NetName=SPICS Pin=U13-1
Added Net: Name=SPICS
Added Pin To Net: NetName=SPISI Pin=U10-69
Added Pin To Net: NetName=SPISI Pin=U13-5
Added Net: Name=SPISI
Added Pin To Net: NetName=SPISO Pin=U10-71
Added Pin To Net: NetName=SPISO Pin=U13-2
Added Net: Name=SPISO
Added Member To Class: ClassName=vl822 Member=Component R8 10K 1%
Added Member To Class: ClassName=vl822 Member=Component U13 P25Q21H
